<?xml version="1.0" encoding="UTF-8"?>
<!-- Generated by org.testng.reporters.JUnitReportReporter -->
<testsuite hostname="LAPTOP-PCUIE87U" failures="0" tests="2" name="com.automation.testcases.LoginPageTest" time="41.828" errors="0" timestamp="12 Apr 2021 19:56:15 GMT" skipped="0">
  <testcase classname="com.automation.testcases.LoginPageTest" name="loginWithInvalidUser" time="20.143"/>
  <testcase classname="com.automation.testcases.LoginPageTest" name="loginWithValidUser" time="21.685"/>
</testsuite> <!-- com.automation.testcases.LoginPageTest -->
