<?xml version="1.0" encoding="UTF-8"?>
<!-- Generated by org.testng.reporters.JUnitReportReporter -->
<testsuite hostname="LAPTOP-PCUIE87U" failures="0" tests="6" name="com.automation.testcases.HomePageTest" time="112.429" errors="0" timestamp="12 Apr 2021 19:56:15 GMT" skipped="0">
  <testcase classname="com.automation.testcases.HomePageTest" name="numberOfLinksInFooter" time="13.446"/>
  <testcase classname="com.automation.testcases.HomePageTest" name="searchByProductName" time="20.883"/>
  <testcase classname="com.automation.testcases.HomePageTest" name="searchByProductName" time="18.279"/>
  <testcase classname="com.automation.testcases.HomePageTest" name="searchAndCompareProduct" time="22.945"/>
  <testcase classname="com.automation.testcases.HomePageTest" name="checkLinksEnabledInFooter" time="20.765"/>
  <testcase classname="com.automation.testcases.HomePageTest" name="signInWithValidUser" time="16.111"/>
</testsuite> <!-- com.automation.testcases.HomePageTest -->
